{
  "RSpec": {
    "coverage": {
      "/Users/jacksonvaldez/Turing/1module/enigma_jv/lib/enigma.rb": {
        "lines": [
          1,
          1,
          null,
          null,
          1,
          1,
          null,
          1,
          1,
          1,
          1,
          null,
          null,
          1,
          5,
          1,
          1,
          null,
          null,
          1,
          1,
          1,
          90610,
          18122,
          null,
          1,
          null,
          null,
          1,
          18124,
          null,
          null,
          1,
          2,
          null,
          null,
          null
        ]
      },
      "/Users/jacksonvaldez/Turing/1module/enigma_jv/lib/shift.rb": {
        "lines": [
          1,
          null,
          1,
          null,
          1,
          18125,
          18125,
          271880,
          null,
          null,
          null,
          1,
          271878,
          271878,
          null,
          null,
          1,
          90625,
          90625,
          90625,
          null,
          null,
          null
        ]
      }
    },
    "timestamp": 1636883207
  }
}
